<?xml version="1.0" encoding="UTF-8"?>
<!-- Generated by org.testng.reporters.JUnitReportReporter -->
<testsuite skipped="0" hostname="Temi-PC" name="com.qa.hub.Test.LoginPageTest" tests="2" failures="0" timestamp="22 May 2020 18:22:49 GMT" time="46.355" errors="0">
  <testcase name="verifyLogingPageTitleTest" time="26.884" classname="com.qa.hub.Test.LoginPageTest"/>
  <testcase name="loginTest" time="19.471" classname="com.qa.hub.Test.LoginPageTest"/>
</testsuite> <!-- com.qa.hub.Test.LoginPageTest -->
