<?xml version="1.0" encoding="UTF-8"?>
<!-- Generated by org.testng.reporters.JUnitReportReporter -->
<testsuite skipped="0" hostname="Temi-PC" name="com.qa.hub.Test.HomePageTest" tests="2" failures="0" timestamp="22 May 2020 18:22:48 GMT" time="39.544" errors="0">
  <testcase name="homePageTitleTest" time="20.250" classname="com.qa.hub.Test.HomePageTest"/>
  <testcase name="verifyHomePageHeaderTest" time="19.294" classname="com.qa.hub.Test.HomePageTest"/>
</testsuite> <!-- com.qa.hub.Test.HomePageTest -->
